{
  "stats": {
    "suites": 1,
    "tests": 1,
    "passes": 1,
    "pending": 0,
    "failures": 0,
    "start": "2025-02-04T23:29:32.210Z",
    "end": "2025-02-04T23:29:45.338Z",
    "duration": 13128,
    "testsRegistered": 1,
    "passPercent": 100,
    "pendingPercent": 0,
    "other": 0,
    "hasOther": false,
    "skipped": 0,
    "hasSkipped": false
  },
  "results": [
    {
      "uuid": "b8949a16-257d-4516-b8b5-adc11bfcc39b",
      "title": "",
      "fullFile": "cypress/e2e/CT07 - Excluir usuário.cy.js",
      "file": "cypress/e2e/CT07 - Excluir usuário.cy.js",
      "beforeHooks": [],
      "afterHooks": [],
      "tests": [],
      "suites": [
        {
          "uuid": "4341ea32-2e99-4125-80b9-912651c24b0f",
          "title": "Login",
          "fullFile": "",
          "file": "",
          "beforeHooks": [],
          "afterHooks": [],
          "tests": [
            {
              "title": "Delete administrator (Qase ID: 36)",
              "fullTitle": "Login Delete administrator (Qase ID: 36)",
              "timedOut": null,
              "duration": 13089,
              "state": "passed",
              "speed": "slow",
              "pass": true,
              "fail": false,
              "pending": false,
              "context": null,
              "code": "cy.intercept('GET', '**/index').as('getIndex');\ncy.sessionLogin();\ncy.deleteAdmin();\ncy.contains('.oxd-toast', 'Successfully Deleted').should('be.visible');\ncy.contains('.oxd-toast', 'No Records Found').should('be.visible');",
              "err": {},
              "uuid": "bce28a66-75a6-477e-bd33-315b96ba9164",
              "parentUUID": "4341ea32-2e99-4125-80b9-912651c24b0f",
              "isHook": false,
              "skipped": false
            }
          ],
          "suites": [],
          "passes": [
            "bce28a66-75a6-477e-bd33-315b96ba9164"
          ],
          "failures": [],
          "pending": [],
          "skipped": [],
          "duration": 13089,
          "root": false,
          "rootEmpty": false,
          "_timeout": 2000
        }
      ],
      "passes": [],
      "failures": [],
      "pending": [],
      "skipped": [],
      "duration": 0,
      "root": true,
      "rootEmpty": true,
      "_timeout": 2000
    }
  ],
  "meta": {
    "mocha": {
      "version": "7.0.1"
    },
    "mochawesome": {
      "options": {
        "quiet": false,
        "reportFilename": "mochawesome",
        "saveHtml": false,
        "saveJson": true,
        "consoleReporter": "spec",
        "useInlineDiffs": false,
        "code": true
      },
      "version": "7.1.3"
    },
    "marge": {
      "options": {
        "id": "default",
        "overwrite": false,
        "html": false,
        "json": true,
        "reportDir": "cypress/reports/html/.jsons"
      },
      "version": "6.2.0"
    }
  }
}