{
  "stats": {
    "suites": 1,
    "tests": 1,
    "passes": 1,
    "pending": 0,
    "failures": 0,
    "start": "2025-02-04T23:35:12.101Z",
    "end": "2025-02-04T23:35:16.575Z",
    "duration": 4474,
    "testsRegistered": 1,
    "passPercent": 100,
    "pendingPercent": 0,
    "other": 0,
    "hasOther": false,
    "skipped": 0,
    "hasSkipped": false
  },
  "results": [
    {
      "uuid": "f577e087-96a4-4488-b9e7-980c018eb722",
      "title": "",
      "fullFile": "cypress/e2e/CT03 - Senha Invalida.cy.js",
      "file": "cypress/e2e/CT03 - Senha Invalida.cy.js",
      "beforeHooks": [],
      "afterHooks": [],
      "tests": [],
      "suites": [
        {
          "uuid": "d21481cf-9c20-4be8-ac47-f0f14014b299",
          "title": "Login",
          "fullFile": "",
          "file": "",
          "beforeHooks": [],
          "afterHooks": [],
          "tests": [
            {
              "title": "Invalid user (Qase ID: 6)",
              "fullTitle": "Login Invalid user (Qase ID: 6)",
              "timedOut": null,
              "duration": 4441,
              "state": "passed",
              "speed": "fast",
              "pass": true,
              "fail": false,
              "pending": false,
              "context": null,
              "code": "cy.intercept('GET', '**/login').as('getLogin');\ncy.userInvalid();\ncy.wait('@getLogin');\ncy.get('.oxd-alert-content > .oxd-text').should('have.text', 'Invalid credentials');",
              "err": {},
              "uuid": "4555a470-1200-4f86-a56b-b14cc95e752e",
              "parentUUID": "d21481cf-9c20-4be8-ac47-f0f14014b299",
              "isHook": false,
              "skipped": false
            }
          ],
          "suites": [],
          "passes": [
            "4555a470-1200-4f86-a56b-b14cc95e752e"
          ],
          "failures": [],
          "pending": [],
          "skipped": [],
          "duration": 4441,
          "root": false,
          "rootEmpty": false,
          "_timeout": 2000
        }
      ],
      "passes": [],
      "failures": [],
      "pending": [],
      "skipped": [],
      "duration": 0,
      "root": true,
      "rootEmpty": true,
      "_timeout": 2000
    }
  ],
  "meta": {
    "mocha": {
      "version": "7.0.1"
    },
    "mochawesome": {
      "options": {
        "quiet": false,
        "reportFilename": "mochawesome",
        "saveHtml": false,
        "saveJson": true,
        "consoleReporter": "spec",
        "useInlineDiffs": false,
        "code": true
      },
      "version": "7.1.3"
    },
    "marge": {
      "options": {
        "id": "default",
        "overwrite": false,
        "html": false,
        "json": true,
        "reportDir": "cypress/reports/html/.jsons"
      },
      "version": "6.2.0"
    }
  }
}