{
  "stats": {
    "suites": 1,
    "tests": 1,
    "passes": 1,
    "pending": 0,
    "failures": 0,
    "start": "2025-02-04T23:35:05.477Z",
    "end": "2025-02-04T23:35:11.078Z",
    "duration": 5601,
    "testsRegistered": 1,
    "passPercent": 100,
    "pendingPercent": 0,
    "other": 0,
    "hasOther": false,
    "skipped": 0,
    "hasSkipped": false
  },
  "results": [
    {
      "uuid": "1e20d644-53fa-4d0e-9f84-6ce6c45b384d",
      "title": "",
      "fullFile": "cypress/e2e/CT01 - Login Válido.cy.js",
      "file": "cypress/e2e/CT01 - Login Válido.cy.js",
      "beforeHooks": [],
      "afterHooks": [],
      "tests": [],
      "suites": [
        {
          "uuid": "ddd76300-36e1-485a-a56b-16cbaa80437e",
          "title": "Login",
          "fullFile": "",
          "file": "",
          "beforeHooks": [],
          "afterHooks": [],
          "tests": [
            {
              "title": "Login com sucesso (Qase ID: 1)",
              "fullTitle": "Login Login com sucesso (Qase ID: 1)",
              "timedOut": null,
              "duration": 5569,
              "state": "passed",
              "speed": "medium",
              "pass": true,
              "fail": false,
              "pending": false,
              "context": null,
              "code": "cy.intercept('GET', '**/index').as('getIndex');\ncy.guiLogin();\ncy.wait('@getIndex');\ncy.contains('h6', 'Dashboard').should('be.visible');",
              "err": {},
              "uuid": "491a812c-4ab3-4e9e-8975-7838bfcacdf2",
              "parentUUID": "ddd76300-36e1-485a-a56b-16cbaa80437e",
              "isHook": false,
              "skipped": false
            }
          ],
          "suites": [],
          "passes": [
            "491a812c-4ab3-4e9e-8975-7838bfcacdf2"
          ],
          "failures": [],
          "pending": [],
          "skipped": [],
          "duration": 5569,
          "root": false,
          "rootEmpty": false,
          "_timeout": 2000
        }
      ],
      "passes": [],
      "failures": [],
      "pending": [],
      "skipped": [],
      "duration": 0,
      "root": true,
      "rootEmpty": true,
      "_timeout": 2000
    }
  ],
  "meta": {
    "mocha": {
      "version": "7.0.1"
    },
    "mochawesome": {
      "options": {
        "quiet": false,
        "reportFilename": "mochawesome",
        "saveHtml": false,
        "saveJson": true,
        "consoleReporter": "spec",
        "useInlineDiffs": false,
        "code": true
      },
      "version": "7.1.3"
    },
    "marge": {
      "options": {
        "id": "default",
        "overwrite": false,
        "html": false,
        "json": true,
        "reportDir": "cypress/reports/html/.jsons"
      },
      "version": "6.2.0"
    }
  }
}