{
  "stats": {
    "suites": 1,
    "tests": 1,
    "passes": 1,
    "pending": 0,
    "failures": 0,
    "start": "2025-02-04T23:35:23.101Z",
    "end": "2025-02-04T23:35:35.220Z",
    "duration": 12119,
    "testsRegistered": 1,
    "passPercent": 100,
    "pendingPercent": 0,
    "other": 0,
    "hasOther": false,
    "skipped": 0,
    "hasSkipped": false
  },
  "results": [
    {
      "uuid": "7e801953-7663-4a30-b382-d08228d1754d",
      "title": "",
      "fullFile": "cypress/e2e/CT06 - Adicionar usuário.cy.js",
      "file": "cypress/e2e/CT06 - Adicionar usuário.cy.js",
      "beforeHooks": [],
      "afterHooks": [],
      "tests": [],
      "suites": [
        {
          "uuid": "cc30e36e-5c04-4f32-b074-8571ad3d3390",
          "title": "Login",
          "fullFile": "",
          "file": "",
          "beforeHooks": [],
          "afterHooks": [],
          "tests": [
            {
              "title": "Add administrator (Qase ID: 35)",
              "fullTitle": "Login Add administrator (Qase ID: 35)",
              "timedOut": null,
              "duration": 12079,
              "state": "passed",
              "speed": "slow",
              "pass": true,
              "fail": false,
              "pending": false,
              "context": null,
              "code": "cy.intercept('GET', '**/index').as('getIndex');\ncy.sessionLogin();\ncy.addAdmin();\ncy.contains('.oxd-toast', 'Successfully Saved').should('be.visible');",
              "err": {},
              "uuid": "c5edb01b-b31c-418d-b559-36a81afdda6b",
              "parentUUID": "cc30e36e-5c04-4f32-b074-8571ad3d3390",
              "isHook": false,
              "skipped": false
            }
          ],
          "suites": [],
          "passes": [
            "c5edb01b-b31c-418d-b559-36a81afdda6b"
          ],
          "failures": [],
          "pending": [],
          "skipped": [],
          "duration": 12079,
          "root": false,
          "rootEmpty": false,
          "_timeout": 2000
        }
      ],
      "passes": [],
      "failures": [],
      "pending": [],
      "skipped": [],
      "duration": 0,
      "root": true,
      "rootEmpty": true,
      "_timeout": 2000
    }
  ],
  "meta": {
    "mocha": {
      "version": "7.0.1"
    },
    "mochawesome": {
      "options": {
        "quiet": false,
        "reportFilename": "mochawesome",
        "saveHtml": false,
        "saveJson": true,
        "consoleReporter": "spec",
        "useInlineDiffs": false,
        "code": true
      },
      "version": "7.1.3"
    },
    "marge": {
      "options": {
        "id": "default",
        "overwrite": false,
        "html": false,
        "json": true,
        "reportDir": "cypress/reports/html/.jsons"
      },
      "version": "6.2.0"
    }
  }
}