{
  "stats": {
    "suites": 1,
    "tests": 1,
    "passes": 1,
    "pending": 0,
    "failures": 0,
    "start": "2025-02-04T23:45:08.009Z",
    "end": "2025-02-04T23:45:12.525Z",
    "duration": 4516,
    "testsRegistered": 1,
    "passPercent": 100,
    "pendingPercent": 0,
    "other": 0,
    "hasOther": false,
    "skipped": 0,
    "hasSkipped": false
  },
  "results": [
    {
      "uuid": "a6b2dfdd-fa57-4554-a1eb-4fb098d92bd2",
      "title": "",
      "fullFile": "cypress/e2e/CT04 - Esqueci minha senha.cy.js",
      "file": "cypress/e2e/CT04 - Esqueci minha senha.cy.js",
      "beforeHooks": [],
      "afterHooks": [],
      "tests": [],
      "suites": [
        {
          "uuid": "434ba2e7-6ef5-4459-b3ed-4767a1383798",
          "title": "Login",
          "fullFile": "",
          "file": "",
          "beforeHooks": [],
          "afterHooks": [],
          "tests": [
            {
              "title": "Forgot your password (Qase ID: 2)",
              "fullTitle": "Login Forgot your password (Qase ID: 2)",
              "timedOut": null,
              "duration": 4485,
              "state": "passed",
              "speed": "fast",
              "pass": true,
              "fail": false,
              "pending": false,
              "context": null,
              "code": "cy.intercept('GET', '**/index').as('getIndex');\ncy.forgotPassword();\ncy.contains('h6', 'Reset Password link sent successfully').should('be.visible');",
              "err": {},
              "uuid": "60835fd1-a80e-41d0-9f66-f55ddf8f3ebc",
              "parentUUID": "434ba2e7-6ef5-4459-b3ed-4767a1383798",
              "isHook": false,
              "skipped": false
            }
          ],
          "suites": [],
          "passes": [
            "60835fd1-a80e-41d0-9f66-f55ddf8f3ebc"
          ],
          "failures": [],
          "pending": [],
          "skipped": [],
          "duration": 4485,
          "root": false,
          "rootEmpty": false,
          "_timeout": 2000
        }
      ],
      "passes": [],
      "failures": [],
      "pending": [],
      "skipped": [],
      "duration": 0,
      "root": true,
      "rootEmpty": true,
      "_timeout": 2000
    }
  ],
  "meta": {
    "mocha": {
      "version": "7.0.1"
    },
    "mochawesome": {
      "options": {
        "quiet": false,
        "reportFilename": "mochawesome",
        "saveHtml": false,
        "saveJson": true,
        "consoleReporter": "spec",
        "useInlineDiffs": false,
        "code": true
      },
      "version": "7.1.3"
    },
    "marge": {
      "options": {
        "id": "default",
        "overwrite": false,
        "html": false,
        "json": true,
        "reportDir": "cypress/reports/html/.jsons"
      },
      "version": "6.2.0"
    }
  }
}