{
  "stats": {
    "suites": 1,
    "tests": 1,
    "passes": 1,
    "pending": 0,
    "failures": 0,
    "start": "2025-02-04T23:44:54.525Z",
    "end": "2025-02-04T23:44:59.006Z",
    "duration": 4481,
    "testsRegistered": 1,
    "passPercent": 100,
    "pendingPercent": 0,
    "other": 0,
    "hasOther": false,
    "skipped": 0,
    "hasSkipped": false
  },
  "results": [
    {
      "uuid": "116a38ee-79c9-4e63-9fc1-6269262802fe",
      "title": "",
      "fullFile": "cypress/e2e/CT01 - Login Válido.cy.js",
      "file": "cypress/e2e/CT01 - Login Válido.cy.js",
      "beforeHooks": [],
      "afterHooks": [],
      "tests": [],
      "suites": [
        {
          "uuid": "c44b0476-5b41-4409-b9c1-bcf3309dc4de",
          "title": "Login",
          "fullFile": "",
          "file": "",
          "beforeHooks": [],
          "afterHooks": [],
          "tests": [
            {
              "title": "Login com sucesso (Qase ID: 1)",
              "fullTitle": "Login Login com sucesso (Qase ID: 1)",
              "timedOut": null,
              "duration": 4448,
              "state": "passed",
              "speed": "fast",
              "pass": true,
              "fail": false,
              "pending": false,
              "context": null,
              "code": "cy.intercept('GET', '**/index').as('getIndex');\ncy.guiLogin();\ncy.wait('@getIndex');\ncy.contains('h6', 'Dashboard').should('be.visible');",
              "err": {},
              "uuid": "26cc2580-be72-453a-b7e6-4d986f710149",
              "parentUUID": "c44b0476-5b41-4409-b9c1-bcf3309dc4de",
              "isHook": false,
              "skipped": false
            }
          ],
          "suites": [],
          "passes": [
            "26cc2580-be72-453a-b7e6-4d986f710149"
          ],
          "failures": [],
          "pending": [],
          "skipped": [],
          "duration": 4448,
          "root": false,
          "rootEmpty": false,
          "_timeout": 2000
        }
      ],
      "passes": [],
      "failures": [],
      "pending": [],
      "skipped": [],
      "duration": 0,
      "root": true,
      "rootEmpty": true,
      "_timeout": 2000
    }
  ],
  "meta": {
    "mocha": {
      "version": "7.0.1"
    },
    "mochawesome": {
      "options": {
        "quiet": false,
        "reportFilename": "mochawesome",
        "saveHtml": false,
        "saveJson": true,
        "consoleReporter": "spec",
        "useInlineDiffs": false,
        "code": true
      },
      "version": "7.1.3"
    },
    "marge": {
      "options": {
        "id": "default",
        "overwrite": false,
        "html": false,
        "json": true,
        "reportDir": "cypress/reports/html/.jsons"
      },
      "version": "6.2.0"
    }
  }
}